0 silly input [ 'start' ]
1 silly flags { _: [ 'run' ],
1 silly flags   'reject-cycles': false,
1 silly flags   rejectCycles: false,
1 silly flags   script: 'start',
1 silly flags   args: [] }
2 verbose rootPath /Users/dannyphillips/Documents/CodeProjects/footprints
3 info version 2.5.1
4 silly existsSync /Users/dannyphillips/Documents/CodeProjects/footprints/VERSION
5 silly initialize attempt
6 silly initialize success
7 silly execute attempt
8 info run in 2 package(s): npm run start
9 silly runScriptInPackageStreaming [ 'start', [], 'footprints-mobile' ]
10 silly getExecOpts { cwd: '/Users/dannyphillips/Documents/CodeProjects/footprints/packages/footprints-mobile' }
11 silly runScriptInPackageStreaming [ 'start', [], 'footprints-web' ]
12 silly getExecOpts { cwd: '/Users/dannyphillips/Documents/CodeProjects/footprints/packages/footprints-web' }
13 error execute callback with error
14 error Error: Command failed: npm run start
14 error [exp] Error: React native is not installed. Please run `npm install` in your project directory.
14 error [exp] Couldn't start project. Please fix the errors and restart the project.
14 error [exp] Set EXPO_DEBUG=true in your env to view the stack trace.
14 error
14 error npm ERR! Darwin 17.3.0
14 error npm ERR! argv "/Users/dannyphillips/.nvm/versions/node/v6.5.0/bin/node" "/Users/dannyphillips/.nvm/versions/node/v6.5.0/bin/npm" "run" "start"
14 error npm ERR! node v6.5.0
14 error npm ERR! npm  v3.10.3
14 error npm ERR! code ELIFECYCLE
14 error npm ERR! footprints-mobile@0.0.0 start: `exp start`
14 error npm ERR! Exit status 1
14 error npm ERR!
14 error npm ERR! Failed at the footprints-mobile@0.0.0 start script 'exp start'.
14 error npm ERR! Make sure you have the latest version of node.js and npm installed.
14 error npm ERR! If you do, this is most likely a problem with the footprints-mobile package,
14 error npm ERR! not with npm itself.
14 error npm ERR! Tell the author that this fails on your system:
14 error npm ERR!     exp start
14 error npm ERR! You can get information on how to open an issue for this project with:
14 error npm ERR!     npm bugs footprints-mobile
14 error npm ERR! Or if that isn't available, you can get their info via:
14 error npm ERR!     npm owner ls footprints-mobile
14 error npm ERR! There is likely additional logging output above.
14 error
14 error npm ERR! Please include the following file with any support request:
14 error npm ERR!     /Users/dannyphillips/Documents/CodeProjects/footprints/packages/footprints-mobile/npm-debug.log
14 error
14 error
14 error > footprints-mobile@0.0.0 start /Users/dannyphillips/Documents/CodeProjects/footprints/packages/footprints-mobile
14 error > exp start
14 error
14 error [exp] Using project at /Users/dannyphillips/Documents/CodeProjects/footprints/packages/footprints-mobile
14 error
14 error     at Promise.all.then.arr (/Users/dannyphillips/Documents/CodeProjects/footprints/node_modules/execa/index.js:236:11)
